<?xml version="1.0" encoding="utf-8"?><testsuites name="pytest tests"><testsuite name="pytest" errors="0" failures="0" skipped="0" tests="10" time="5.495" timestamp="2026-05-23T23:02:36.475171+00:00" hostname="agent-env-7bfa6a57-fd88-4cd2-bd33-a8179788c5d6"><testcase classname="backend.tests.test_ocr_api.TestHealthCheck" name="test_root_returns_200" time="0.291" /><testcase classname="backend.tests.test_ocr_api.TestHealthCheck" name="test_root_message" time="0.150" /><testcase classname="backend.tests.test_ocr_api.TestHistory" name="test_get_history_returns_list" time="0.156" /><testcase classname="backend.tests.test_ocr_api.TestTranscribe" name="test_transcribe_gpt4o" time="1.230" /><testcase classname="backend.tests.test_ocr_api.TestTranscribe" name="test_transcribe_claude" time="1.916" /><testcase classname="backend.tests.test_ocr_api.TestTranscribe" name="test_transcribe_unknown_model_returns_400" time="0.119" /><testcase classname="backend.tests.test_ocr_api.TestTranscribe" name="test_transcribe_invalid_format_returns_400" time="0.112" /><testcase classname="backend.tests.test_ocr_api.TestTranscribe" name="test_history_contains_record_after_transcription" time="0.113" /><testcase classname="backend.tests.test_ocr_api.TestDeleteHistory" name="test_delete_existing_record" time="0.903" /><testcase classname="backend.tests.test_ocr_api.TestDeleteHistory" name="test_delete_nonexistent_returns_404" time="0.112" /></testsuite></testsuites>